<?xml version="1.0" encoding="UTF-8"?>
<!-- Generated by org.testng.reporters.JUnitReportReporter -->
<testsuite hostname="DESKTOP-S1NSUV6" name="IE.IEOperC" tests="1" failures="0" timestamp="19 Jun 2017 17:48:27 GMT" time="9.523" errors="0">
  <testcase name="M1" time="9.523" classname="IE.IEOperC"/>
</testsuite> <!-- IE.IEOperC -->
